<?xml version="1.0" encoding="UTF-8"?>
<!-- Generated by org.testng.reporters.JUnitReportReporter -->
<testsuite hostname="LenovoIdeapad5" failures="0" tests="1" name="Runner.TestRunTestNG" time="7.112" errors="1" timestamp="2024-10-27T00:02:00 CDT" skipped="0">
  <testcase classname="Runner.TestRunTestNG" name="runScenario" time="7.112">
    <error message="Element should have been &quot;select&quot; but was &quot;input&quot;
Build info: version: &#039;4.25.0&#039;, revision: &#039;8a8aea2337&#039;
System info: os.name: &#039;Windows 11&#039;, os.arch: &#039;amd64&#039;, os.version: &#039;10.0&#039;, java.version: &#039;22.0.1&#039;
Driver info: driver.version: unknown" type="org.openqa.selenium.support.ui.UnexpectedTagNameException">
      <![CDATA[org.openqa.selenium.support.ui.UnexpectedTagNameException: Element should have been "select" but was "input"
Build info: version: '4.25.0', revision: '8a8aea2337'
System info: os.name: 'Windows 11', os.arch: 'amd64', os.version: '10.0', java.version: '22.0.1'
Driver info: driver.version: unknown
at org.openqa.selenium.support.ui.Select.<init>(Select.java:46)
at StepDefinition.Flight_StepD7.user_selects_the_required_options(Flight_StepD7.java:45)
at ✽.User selects the required options(file:///E:/JavaSelenium/BDD_Project/Features/Day7Flight.feature:6)
]]>
    </error>
  </testcase> <!-- runScenario -->
</testsuite> <!-- Runner.TestRunTestNG -->
